<?xml version="1.0" encoding="UTF-8"?>
<!-- Generated by org.testng.reporters.JUnitReportReporter -->
<testsuite hostname="DESKTOP-R2QIAIR" failures="0" tests="1" name="com.tv.jawwy.subscribe.testcases.testcases.Test" time="9.754" errors="0" timestamp="2023-04-06T00:28:37 EET" skipped="0">
  <testcase classname="com.tv.jawwy.subscribe.testcases.testcases.Test" name="Test" time="9.754"/>
  <system-out/>
</testsuite> <!-- com.tv.jawwy.subscribe.testcases.testcases.Test -->
